# JRE version: Java(TM) SE Runtime Environment (8.0_25-b18) (build 1.8.0_25-b18)
# Java VM: Java HotSpot(TM) 64-Bit Server VM (25.25-b02 mixed mode windows-amd64 compressed oops)
Heap:
 PSYoungGen      total 111104K, used 9111K [0x00000000eb400000, 0x00000000f4680000, 0x0000000100000000)
  eden space 100352K, 2% used [0x00000000eb400000,0x00000000eb60e778,0x00000000f1600000)
  from space 10752K, 65% used [0x00000000f1600000,0x00000000f1cd7810,0x00000000f2080000)
  to   space 10752K, 0% used [0x00000000f3c00000,0x00000000f3c00000,0x00000000f4680000)
 ParOldGen       total 39424K, used 12298K [0x00000000c1c00000, 0x00000000c4280000, 0x00000000eb400000)
  object space 39424K, 31% used [0x00000000c1c00000,0x00000000c2802820,0x00000000c4280000)
 Metaspace       used 30435K, capacity 31724K, committed 31872K, reserved 1077248K
  class space    used 4142K, capacity 4433K, committed 4480K, reserved 1048576K
GC Heap History (10 events):
Event: 7.970 GC heap before
{Heap before GC invocations=6 (full 0):
 PSYoungGen      total 35328K, used 15851K [0x00000000eb400000, 0x00000000f0500000, 0x0000000100000000)
  eden space 32768K, 40% used [0x00000000eb400000,0x00000000ec0faed0,0x00000000ed400000)
  from space 2560K, 100% used [0x00000000ed400000,0x00000000ed680000,0x00000000ed680000)
  to   space 8704K, 0% used [0x00000000efc80000,0x00000000efc80000,0x00000000f0500000)
 ParOldGen       total 44032K, used 13165K [0x00000000c1c00000, 0x00000000c4700000, 0x00000000eb400000)
  object space 44032K, 29% used [0x00000000c1c00000,0x00000000c28db770,0x00000000c4700000)
 Metaspace       used 20615K, capacity 21204K, committed 21296K, reserved 1067008K
  class space    used 2772K, capacity 2917K, committed 2944K, reserved 1048576K
Event: 7.994 GC heap after
Heap after GC invocations=6 (full 0):
 PSYoungGen      total 74240K, used 4432K [0x00000000eb400000, 0x00000000f0500000, 0x0000000100000000)
  eden space 65536K, 0% used [0x00000000eb400000,0x00000000eb400000,0x00000000ef400000)
  from space 8704K, 50% used [0x00000000efc80000,0x00000000f00d43c8,0x00000000f0500000)
  to   space 8704K, 0% used [0x00000000ef400000,0x00000000ef400000,0x00000000efc80000)
 ParOldGen       total 44032K, used 13173K [0x00000000c1c00000, 0x00000000c4700000, 0x00000000eb400000)
  object space 44032K, 29% used [0x00000000c1c00000,0x00000000c28dd770,0x00000000c4700000)
 Metaspace       used 20615K, capacity 21204K, committed 21296K, reserved 1067008K
  class space    used 2772K, capacity 2917K, committed 2944K, reserved 1048576K
}
Event: 7.995 GC heap before
{Heap before GC invocations=7 (full 1):
 PSYoungGen      total 74240K, used 4432K [0x00000000eb400000, 0x00000000f0500000, 0x0000000100000000)
  eden space 65536K, 0% used [0x00000000eb400000,0x00000000eb400000,0x00000000ef400000)
  from space 8704K, 50% used [0x00000000efc80000,0x00000000f00d43c8,0x00000000f0500000)
  to   space 8704K, 0% used [0x00000000ef400000,0x00000000ef400000,0x00000000efc80000)
 ParOldGen       total 44032K, used 13173K [0x00000000c1c00000, 0x00000000c4700000, 0x00000000eb400000)
  object space 44032K, 29% used [0x00000000c1c00000,0x00000000c28dd770,0x00000000c4700000)
 Metaspace       used 20615K, capacity 21204K, committed 21296K, reserved 1067008K
  class space    used 2772K, capacity 2917K, committed 2944K, reserved 1048576K
Event: 8.108 GC heap after
Heap after GC invocations=7 (full 1):
 PSYoungGen      total 74240K, used 0K [0x00000000eb400000, 0x00000000f0500000, 0x0000000100000000)
  eden space 65536K, 0% used [0x00000000eb400000,0x00000000eb400000,0x00000000ef400000)
  from space 8704K, 0% used [0x00000000efc80000,0x00000000efc80000,0x00000000f0500000)
  to   space 8704K, 0% used [0x00000000ef400000,0x00000000ef400000,0x00000000efc80000)
 ParOldGen       total 39424K, used 9421K [0x00000000c1c00000, 0x00000000c4280000, 0x00000000eb400000)
  object space 39424K, 23% used [0x00000000c1c00000,0x00000000c2533580,0x00000000c4280000)
 Metaspace       used 20614K, capacity 21202K, committed 21296K, reserved 1067008K
  class space    used 2772K, capacity 2916K, committed 2944K, reserved 1048576K
}
Event: 12.819 GC heap before
{Heap before GC invocations=8 (full 1):
 PSYoungGen      total 74240K, used 65536K [0x00000000eb400000, 0x00000000f0500000, 0x0000000100000000)
  eden space 65536K, 100% used [0x00000000eb400000,0x00000000ef400000,0x00000000ef400000)
  from space 8704K, 0% used [0x00000000efc80000,0x00000000efc80000,0x00000000f0500000)
  to   space 8704K, 0% used [0x00000000ef400000,0x00000000ef400000,0x00000000efc80000)
 ParOldGen       total 39424K, used 9421K [0x00000000c1c00000, 0x00000000c4280000, 0x00000000eb400000)
  object space 39424K, 23% used [0x00000000c1c00000,0x00000000c2533580,0x00000000c4280000)
 Metaspace       used 23871K, capacity 24870K, committed 25088K, reserved 1071104K
  class space    used 3278K, capacity 3506K, committed 3584K, reserved 1048576K
Event: 12.886 GC heap after
Heap after GC invocations=8 (full 1):
 PSYoungGen      total 74240K, used 5708K [0x00000000eb400000, 0x00000000f2880000, 0x0000000100000000)
  eden space 65536K, 0% used [0x00000000eb400000,0x00000000eb400000,0x00000000ef400000)
  from space 8704K, 65% used [0x00000000ef400000,0x00000000ef9933b0,0x00000000efc80000)
  to   space 8192K, 0% used [0x00000000f2080000,0x00000000f2080000,0x00000000f2880000)
 ParOldGen       total 39424K, used 9429K [0x00000000c1c00000, 0x00000000c4280000, 0x00000000eb400000)
  object space 39424K, 23% used [0x00000000c1c00000,0x00000000c2535580,0x00000000c4280000)
 Metaspace       used 23871K, capacity 24870K, committed 25088K, reserved 1071104K
  class space    used 3278K, capacity 3506K, committed 3584K, reserved 1048576K
}
Event: 17.568 GC heap before
{Heap before GC invocations=9 (full 1):
 PSYoungGen      total 74240K, used 71244K [0x00000000eb400000, 0x00000000f2880000, 0x0000000100000000)
  eden space 65536K, 100% used [0x00000000eb400000,0x00000000ef400000,0x00000000ef400000)
  from space 8704K, 65% used [0x00000000ef400000,0x00000000ef9933b0,0x00000000efc80000)
  to   space 8192K, 0% used [0x00000000f2080000,0x00000000f2080000,0x00000000f2880000)
 ParOldGen       total 39424K, used 9429K [0x00000000c1c00000, 0x00000000c4280000, 0x00000000eb400000)
  object space 39424K, 23% used [0x00000000c1c00000,0x00000000c2535580,0x00000000c4280000)
 Metaspace       used 29262K, capacity 30436K, committed 30720K, reserved 1075200K
  class space    used 3966K, capacity 4227K, committed 4352K, reserved 1048576K
Event: 17.605 GC heap after
Heap after GC invocations=9 (full 1):
 PSYoungGen      total 108544K, used 8167K [0x00000000eb400000, 0x00000000f2b00000, 0x0000000100000000)
  eden space 100352K, 0% used [0x00000000eb400000,0x00000000eb400000,0x00000000f1600000)
  from space 8192K, 99% used [0x00000000f2080000,0x00000000f2879dd0,0x00000000f2880000)
  to   space 10752K, 0% used [0x00000000f1600000,0x00000000f1600000,0x00000000f2080000)
 ParOldGen       total 39424K, used 12290K [0x00000000c1c00000, 0x00000000c4280000, 0x00000000eb400000)
  object space 39424K, 31% used [0x00000000c1c00000,0x00000000c2800820,0x00000000c4280000)
 Metaspace       used 29262K, capacity 30436K, committed 30720K, reserved 1075200K
  class space    used 3966K, capacity 4227K, committed 4352K, reserved 1048576K
}
Event: 532.804 GC heap before
{Heap before GC invocations=10 (full 1):
 PSYoungGen      total 108544K, used 108519K [0x00000000eb400000, 0x00000000f2b00000, 0x0000000100000000)
  eden space 100352K, 100% used [0x00000000eb400000,0x00000000f1600000,0x00000000f1600000)
  from space 8192K, 99% used [0x00000000f2080000,0x00000000f2879dd0,0x00000000f2880000)
  to   space 10752K, 0% used [0x00000000f1600000,0x00000000f1600000,0x00000000f2080000)
 ParOldGen       total 39424K, used 12290K [0x00000000c1c00000, 0x00000000c4280000, 0x00000000eb400000)
  object space 39424K, 31% used [0x00000000c1c00000,0x00000000c2800820,0x00000000c4280000)
 Metaspace       used 30421K, capacity 31660K, committed 31872K, reserved 1077248K
  class space    used 4141K, capacity 4433K, committed 4480K, reserved 1048576K
Event: 532.827 GC heap after
Heap after GC invocations=10 (full 1):
 PSYoungGen      total 111104K, used 7006K [0x00000000eb400000, 0x00000000f4680000, 0x0000000100000000)
  eden space 100352K, 0% used [0x00000000eb400000,0x00000000eb400000,0x00000000f1600000)
  from space 10752K, 65% used [0x00000000f1600000,0x00000000f1cd7810,0x00000000f2080000)
  to   space 10752K, 0% used [0x00000000f3c00000,0x00000000f3c00000,0x00000000f4680000)
 ParOldGen       total 39424K, used 12298K [0x00000000c1c00000, 0x00000000c4280000, 0x00000000eb400000)
  object space 39424K, 31% used [0x00000000c1c00000,0x00000000c2802820,0x00000000c4280000)
 Metaspace       used 30421K, capacity 31660K, committed 31872K, reserved 1077248K
  class space    used 4141K, capacity 4433K, committed 4480K, reserved 1048576K
}

