# JRE version: Java(TM) SE Runtime Environment (8.0_25-b18) (build 1.8.0_25-b18)
# Java VM: Java HotSpot(TM) 64-Bit Server VM (25.25-b02 mixed mode windows-amd64 compressed oops)
Heap:
 PSYoungGen      total 141824K, used 40750K [0x00000000eb400000, 0x00000000f7180000, 0x0000000100000000)
  eden space 128000K, 31% used [0x00000000eb400000,0x00000000edbbb9e0,0x00000000f3100000)
  from space 13824K, 0% used [0x00000000f3100000,0x00000000f3110000,0x00000000f3e80000)
  to   space 14336K, 0% used [0x00000000f6380000,0x00000000f6380000,0x00000000f7180000)
 ParOldGen       total 55296K, used 19405K [0x00000000c1c00000, 0x00000000c5200000, 0x00000000eb400000)
  object space 55296K, 35% used [0x00000000c1c00000,0x00000000c2ef3598,0x00000000c5200000)
 Metaspace       used 34268K, capacity 35972K, committed 36352K, reserved 1081344K
  class space    used 4712K, capacity 5021K, committed 5120K, reserved 1048576K
GC Heap History (10 events):
Event: 15.385 GC heap before
{Heap before GC invocations=9 (full 1):
 PSYoungGen      total 72192K, used 72171K [0x00000000eb400000, 0x00000000f2880000, 0x0000000100000000)
  eden space 65024K, 100% used [0x00000000eb400000,0x00000000ef380000,0x00000000ef380000)
  from space 7168K, 99% used [0x00000000ef380000,0x00000000efa7af70,0x00000000efa80000)
  to   space 8192K, 0% used [0x00000000f2080000,0x00000000f2080000,0x00000000f2880000)
 ParOldGen       total 37376K, used 11446K [0x00000000c1c00000, 0x00000000c4080000, 0x00000000eb400000)
  object space 37376K, 30% used [0x00000000c1c00000,0x00000000c272dbd0,0x00000000c4080000)
 Metaspace       used 29303K, capacity 30426K, committed 30592K, reserved 1075200K
  class space    used 3981K, capacity 4224K, committed 4224K, reserved 1048576K
Event: 15.423 GC heap after
Heap after GC invocations=9 (full 1):
 PSYoungGen      total 107520K, used 8187K [0x00000000eb400000, 0x00000000f2d80000, 0x0000000100000000)
  eden space 99328K, 0% used [0x00000000eb400000,0x00000000eb400000,0x00000000f1500000)
  from space 8192K, 99% used [0x00000000f2080000,0x00000000f287efa0,0x00000000f2880000)
  to   space 11776K, 0% used [0x00000000f1500000,0x00000000f1500000,0x00000000f2080000)
 ParOldGen       total 37376K, used 16873K [0x00000000c1c00000, 0x00000000c4080000, 0x00000000eb400000)
  object space 37376K, 45% used [0x00000000c1c00000,0x00000000c2c7a7f0,0x00000000c4080000)
 Metaspace       used 29303K, capacity 30426K, committed 30592K, reserved 1075200K
  class space    used 3981K, capacity 4224K, committed 4224K, reserved 1048576K
}
Event: 137.743 GC heap before
{Heap before GC invocations=10 (full 1):
 PSYoungGen      total 107520K, used 62982K [0x00000000eb400000, 0x00000000f2d80000, 0x0000000100000000)
  eden space 99328K, 55% used [0x00000000eb400000,0x00000000ee9828a8,0x00000000f1500000)
  from space 8192K, 99% used [0x00000000f2080000,0x00000000f287efa0,0x00000000f2880000)
  to   space 11776K, 0% used [0x00000000f1500000,0x00000000f1500000,0x00000000f2080000)
 ParOldGen       total 37376K, used 16873K [0x00000000c1c00000, 0x00000000c4080000, 0x00000000eb400000)
  object space 37376K, 45% used [0x00000000c1c00000,0x00000000c2c7a7f0,0x00000000c4080000)
 Metaspace       used 33853K, capacity 35428K, committed 35456K, reserved 1079296K
  class space    used 4647K, capacity 4973K, committed 4992K, reserved 1048576K
Event: 137.780 GC heap after
Heap after GC invocations=10 (full 1):
 PSYoungGen      total 111104K, used 11769K [0x00000000eb400000, 0x00000000f4b80000, 0x0000000100000000)
  eden space 99328K, 0% used [0x00000000eb400000,0x00000000eb400000,0x00000000f1500000)
  from space 11776K, 99% used [0x00000000f1500000,0x00000000f207e4b8,0x00000000f2080000)
  to   space 13312K, 0% used [0x00000000f3e80000,0x00000000f3e80000,0x00000000f4b80000)
 ParOldGen       total 37376K, used 17325K [0x00000000c1c00000, 0x00000000c4080000, 0x00000000eb400000)
  object space 37376K, 46% used [0x00000000c1c00000,0x00000000c2ceb7b0,0x00000000c4080000)
 Metaspace       used 33853K, capacity 35428K, committed 35456K, reserved 1079296K
  class space    used 4647K, capacity 4973K, committed 4992K, reserved 1048576K
}
Event: 137.780 GC heap before
{Heap before GC invocations=11 (full 2):
 PSYoungGen      total 111104K, used 11769K [0x00000000eb400000, 0x00000000f4b80000, 0x0000000100000000)
  eden space 99328K, 0% used [0x00000000eb400000,0x00000000eb400000,0x00000000f1500000)
  from space 11776K, 99% used [0x00000000f1500000,0x00000000f207e4b8,0x00000000f2080000)
  to   space 13312K, 0% used [0x00000000f3e80000,0x00000000f3e80000,0x00000000f4b80000)
 ParOldGen       total 37376K, used 17325K [0x00000000c1c00000, 0x00000000c4080000, 0x00000000eb400000)
  object space 37376K, 46% used [0x00000000c1c00000,0x00000000c2ceb7b0,0x00000000c4080000)
 Metaspace       used 33853K, capacity 35428K, committed 35456K, reserved 1079296K
  class space    used 4647K, capacity 4973K, committed 4992K, reserved 1048576K
Event: 138.026 GC heap after
Heap after GC invocations=11 (full 2):
 PSYoungGen      total 111104K, used 0K [0x00000000eb400000, 0x00000000f4b80000, 0x0000000100000000)
  eden space 99328K, 0% used [0x00000000eb400000,0x00000000eb400000,0x00000000f1500000)
  from space 11776K, 0% used [0x00000000f1500000,0x00000000f1500000,0x00000000f2080000)
  to   space 13312K, 0% used [0x00000000f3e80000,0x00000000f3e80000,0x00000000f4b80000)
 ParOldGen       total 55296K, used 18449K [0x00000000c1c00000, 0x00000000c5200000, 0x00000000eb400000)
  object space 55296K, 33% used [0x00000000c1c00000,0x00000000c2e04518,0x00000000c5200000)
 Metaspace       used 33853K, capacity 35428K, committed 35456K, reserved 1079296K
  class space    used 4647K, capacity 4973K, committed 4992K, reserved 1048576K
}
Event: 763.439 GC heap before
{Heap before GC invocations=12 (full 2):
 PSYoungGen      total 111104K, used 99328K [0x00000000eb400000, 0x00000000f4b80000, 0x0000000100000000)
  eden space 99328K, 100% used [0x00000000eb400000,0x00000000f1500000,0x00000000f1500000)
  from space 11776K, 0% used [0x00000000f1500000,0x00000000f1500000,0x00000000f2080000)
  to   space 13312K, 0% used [0x00000000f3e80000,0x00000000f3e80000,0x00000000f4b80000)
 ParOldGen       total 55296K, used 18449K [0x00000000c1c00000, 0x00000000c5200000, 0x00000000eb400000)
  object space 55296K, 33% used [0x00000000c1c00000,0x00000000c2e04518,0x00000000c5200000)
 Metaspace       used 34244K, capacity 35902K, committed 36096K, reserved 1081344K
  class space    used 4710K, capacity 5020K, committed 5120K, reserved 1048576K
Event: 763.445 GC heap after
Heap after GC invocations=12 (full 2):
 PSYoungGen      total 141312K, used 1268K [0x00000000eb400000, 0x00000000f5100000, 0x0000000100000000)
  eden space 128000K, 0% used [0x00000000eb400000,0x00000000eb400000,0x00000000f3100000)
  from space 13312K, 9% used [0x00000000f3e80000,0x00000000f3fbd148,0x00000000f4b80000)
  to   space 13824K, 0% used [0x00000000f3100000,0x00000000f3100000,0x00000000f3e80000)
 ParOldGen       total 55296K, used 18457K [0x00000000c1c00000, 0x00000000c5200000, 0x00000000eb400000)
  object space 55296K, 33% used [0x00000000c1c00000,0x00000000c2e06518,0x00000000c5200000)
 Metaspace       used 34244K, capacity 35902K, committed 36096K, reserved 1081344K
  class space    used 4710K, capacity 5020K, committed 5120K, reserved 1048576K
}
Event: 1601.934 GC heap before
{Heap before GC invocations=13 (full 2):
 PSYoungGen      total 141312K, used 129268K [0x00000000eb400000, 0x00000000f5100000, 0x0000000100000000)
  eden space 128000K, 100% used [0x00000000eb400000,0x00000000f3100000,0x00000000f3100000)
  from space 13312K, 9% used [0x00000000f3e80000,0x00000000f3fbd148,0x00000000f4b80000)
  to   space 13824K, 0% used [0x00000000f3100000,0x00000000f3100000,0x00000000f3e80000)
 ParOldGen       total 55296K, used 18457K [0x00000000c1c00000, 0x00000000c5200000, 0x00000000eb400000)
  object space 55296K, 33% used [0x00000000c1c00000,0x00000000c2e06518,0x00000000c5200000)
 Metaspace       used 34253K, capacity 35908K, committed 36096K, reserved 1081344K
  class space    used 4711K, capacity 5021K, committed 5120K, reserved 1048576K
Event: 1601.940 GC heap after
Heap after GC invocations=13 (full 2):
 PSYoungGen      total 141824K, used 64K [0x00000000eb400000, 0x00000000f7180000, 0x0000000100000000)
  eden space 128000K, 0% used [0x00000000eb400000,0x00000000eb400000,0x00000000f3100000)
  from space 13824K, 0% used [0x00000000f3100000,0x00000000f3110000,0x00000000f3e80000)
  to   space 14336K, 0% used [0x00000000f6380000,0x00000000f6380000,0x00000000f7180000)
 ParOldGen       total 55296K, used 19405K [0x00000000c1c00000, 0x00000000c5200000, 0x00000000eb400000)
  object space 55296K, 35% used [0x00000000c1c00000,0x00000000c2ef3598,0x00000000c5200000)
 Metaspace       used 34253K, capacity 35908K, committed 36096K, reserved 1081344K
  class space    used 4711K, capacity 5021K, committed 5120K, reserved 1048576K
}

